<?xml version="1.0" encoding="UTF-8"?>
<!-- Generated by org.testng.reporters.JUnitReportReporter -->
<testsuite hostname="0B4B52FD54E81" name="com.anjuke.minzhao.app.CheckSrc.CheckResource" tests="1" failures="0" timestamp="14 May 2013 10:45:37 GMT" time="26.516" errors="0">
  <testcase name="testCheckResources" time="26.516" classname="com.anjuke.minzhao.app.CheckSrc.CheckResource"/>
</testsuite> <!-- com.anjuke.minzhao.app.CheckSrc.CheckResource -->
