<?xml version="1.0" encoding="UTF-8"?>
<!-- Generated by org.testng.reporters.JUnitReportReporter -->
<testsuite hostname="0B4B52FD54E81" name="com.anjuke.minzhao.app.CheckSrc.GetSrc" tests="1" failures="0" timestamp="14 May 2013 07:54:34 GMT" time="13.422" errors="0">
  <testcase name="testCheck_resources" time="13.422" classname="com.anjuke.minzhao.app.CheckSrc.GetSrc"/>
</testsuite> <!-- com.anjuke.minzhao.app.CheckSrc.GetSrc -->
