<?xml version="1.0" encoding="UTF-8"?>
<!-- Generated by org.testng.reporters.JUnitReportReporter -->
<testsuite hostname="0B4B52FD54E81" name="com.anjuke.minzhao.app.CheckSrc.CheckResource" tests="1" failures="0" timestamp="15 May 2013 05:09:20 GMT" time="351.511" errors="0">
  <testcase name="testCheckResources" time="351.511" classname="com.anjuke.minzhao.app.CheckSrc.CheckResource"/>
</testsuite> <!-- com.anjuke.minzhao.app.CheckSrc.CheckResource -->
